<?xml version="1.0" encoding="UTF-8"?>
<!-- Generated by org.testng.reporters.JUnitXMLReporter -->
<testsuite ignored="0" hostname="PriyankaPawar" failures="1" tests="2" name="Default test" time="56.12" errors="0" timestamp="2026-04-05T14:54:59 IST">
  <testcase classname="io.cucumber.testng.AbstractTestNGCucumberTests" name="runScenario" time="40.84">
    <failure type="java.lang.AssertionError" message="expected [laptop- Buy Products Online at Best Price in India - All Categories | Flipkart.com] but found [Laptop- Buy Products Online at Best Price in India - All Categories | Flipkart.com]">
      <![CDATA[java.lang.AssertionError: expected [laptop- Buy Products Online at Best Price in India - All Categories | Flipkart.com] but found [Laptop- Buy Products Online at Best Price in India - All Categories | Flipkart.com]
at org.testng.Assert.fail(Assert.java:111)
at org.testng.Assert.failNotEquals(Assert.java:1590)
at org.testng.Assert.assertEqualsImpl(Assert.java:150)
at org.testng.Assert.assertEquals(Assert.java:132)
at org.testng.Assert.assertEquals(Assert.java:656)
at org.testng.Assert.assertEquals(Assert.java:666)
at com.StepDefination.Flipkart.validate_mobile_page_has_been_open_by_pagetitle_and_the_title_is(Flipkart.java:31)
at ✽.validate mobile page has been open by pagetitle and the title is "laptop- Buy Products Online at Best Price in India - All Categories | Flipkart.com"(file:///D:/Eclipse%20WorkSpace%20for%20QST/Company_log/FeaturesFilesFolder/Flipkart.feature:14)
]]>
    </failure>
  </testcase> <!-- runScenario -->
  <testcase classname="io.cucumber.testng.AbstractTestNGCucumberTests" name="runScenario" time="14.382"/>
</testsuite> <!-- Default test -->
