<?xml version="1.0" encoding="UTF-8"?>
<!-- Generated by org.testng.reporters.JUnitXMLReporter -->
<testsuite ignored="0" hostname="PriyankaPawar" failures="1" tests="3" name="chrome" time="22.809" errors="0" timestamp="2026-03-01T17:05:34 IST">
  <testcase classname="com.TestNg.Nykaa" name="bag" time="2.316"/>
  <testcase classname="com.TestNg.Nykaa" name="category" time="3.283">
    <failure type="org.openqa.selenium.ElementClickInterceptedException" message="element click intercepted: Element &amp;lt;a target=&amp;quot;_blank&amp;quot; href=&amp;quot;https://www.nykaa.com/sp/...-store/men-store?root=nav_1&amp;amp;amp;dir=desc&amp;amp;amp;order=popularity&amp;quot; role=&amp;quot;menuitem&amp;quot; aria-haspopup=&amp;quot;true&amp;quot; aria-expanded=&amp;quot;false&amp;quot;&amp;gt;men&amp;lt;/a&amp;gt; is not clickable at point (763, 131). Other element would receive the click: &amp;lt;span class=&amp;quot;css-41xv2a&amp;quot;&amp;gt;...&amp;lt;/span&amp;gt;
  (Session info: chrome=145.0.7632.117)
Build info: version: &amp;apos;4.39.0&amp;apos;, revision: &amp;apos;126f156aee&amp;apos;
System info: os.name: &amp;apos;Windows 11&amp;apos;, os.arch: &amp;apos;amd64&amp;apos;, os.version: &amp;apos;10.0&amp;apos;, java.version: &amp;apos;17.0.10&amp;apos;
Driver info: org.openqa.selenium.chrome.ChromeDriver
Command: [4c8330c8e69f4e3488aef7cf33bd7f8b, clickElement {id=f.07B1E9F00C2CEE51767CCBDEC080C54A.d.C9C6B0321F14DE5A0299222054DDDC38.e.24}]
Capabilities {acceptInsecureCerts: false, browserName: chrome, browserVersion: 145.0.7632.117, chrome: {chromedriverVersion: 145.0.7632.117 (de4e5d6e13b..., userDataDir: C:\Users\Priyanka\AppData\L...}, fedcm:accounts: true, goog:chromeOptions: {debuggerAddress: localhost:56054}, goog:processID: 29400, networkConnectionEnabled: false, pageLoadStrategy: normal, platformName: windows, proxy: Proxy(), se:cdp: ws://localhost:56054/devtoo..., se:cdpVersion: 145.0.7632.117, setWindowRect: true, strictFileInteractability: false, timeouts: {implicit: 0, pageLoad: 300000, script: 30000}, unhandledPromptBehavior: dismiss and notify, webauthn:extension:credBlob: true, webauthn:extension:largeBlob: true, webauthn:extension:minPinLength: true, webauthn:extension:prf: true, webauthn:virtualAuthenticators: true}
Element: [[ChromeDriver: chrome on windows (4c8330c8e69f4e3488aef7cf33bd7f8b)] -&amp;gt; xpath: //*[@id=&amp;quot;my-menu&amp;quot;]/ul/li[9]/a]
Session ID: 4c8330c8e69f4e3488aef7cf33bd7f8b">
      <![CDATA[org.openqa.selenium.ElementClickInterceptedException: element click intercepted: Element <a target="_blank" href="https://www.nykaa.com/sp/...-store/men-store?root=nav_1&amp;dir=desc&amp;order=popularity" role="menuitem" aria-haspopup="true" aria-expanded="false">men</a> is not clickable at point (763, 131). Other element would receive the click: <span class="css-41xv2a">...</span>
  (Session info: chrome=145.0.7632.117)
Build info: version: '4.39.0', revision: '126f156aee'
System info: os.name: 'Windows 11', os.arch: 'amd64', os.version: '10.0', java.version: '17.0.10'
Driver info: org.openqa.selenium.chrome.ChromeDriver
Command: [4c8330c8e69f4e3488aef7cf33bd7f8b, clickElement {id=f.07B1E9F00C2CEE51767CCBDEC080C54A.d.C9C6B0321F14DE5A0299222054DDDC38.e.24}]
Capabilities {acceptInsecureCerts: false, browserName: chrome, browserVersion: 145.0.7632.117, chrome: {chromedriverVersion: 145.0.7632.117 (de4e5d6e13b..., userDataDir: C:\Users\Priyanka\AppData\L...}, fedcm:accounts: true, goog:chromeOptions: {debuggerAddress: localhost:56054}, goog:processID: 29400, networkConnectionEnabled: false, pageLoadStrategy: normal, platformName: windows, proxy: Proxy(), se:cdp: ws://localhost:56054/devtoo..., se:cdpVersion: 145.0.7632.117, setWindowRect: true, strictFileInteractability: false, timeouts: {implicit: 0, pageLoad: 300000, script: 30000}, unhandledPromptBehavior: dismiss and notify, webauthn:extension:credBlob: true, webauthn:extension:largeBlob: true, webauthn:extension:minPinLength: true, webauthn:extension:prf: true, webauthn:virtualAuthenticators: true}
Element: [[ChromeDriver: chrome on windows (4c8330c8e69f4e3488aef7cf33bd7f8b)] -> xpath: //*[@id="my-menu"]/ul/li[9]/a]
Session ID: 4c8330c8e69f4e3488aef7cf33bd7f8b
at org.openqa.selenium.remote.ErrorCodec.decode(ErrorCodec.java:167)
at org.openqa.selenium.remote.codec.w3c.W3CHttpResponseCodec.decode(W3CHttpResponseCodec.java:142)
at org.openqa.selenium.remote.codec.w3c.W3CHttpResponseCodec.decode(W3CHttpResponseCodec.java:49)
at org.openqa.selenium.remote.HttpCommandExecutor.execute(HttpCommandExecutor.java:215)
at org.openqa.selenium.remote.service.DriverCommandExecutor.invokeExecute(DriverCommandExecutor.java:216)
at org.openqa.selenium.remote.service.DriverCommandExecutor.execute(DriverCommandExecutor.java:174)
at org.openqa.selenium.remote.RemoteWebDriver.execute(RemoteWebDriver.java:561)
at org.openqa.selenium.remote.RemoteWebElement.execute(RemoteWebElement.java:223)
at org.openqa.selenium.remote.RemoteWebElement.click(RemoteWebElement.java:76)
at com.TestNg.Nykaa.category(Nykaa.java:46)
at java.base/java.util.ArrayList.forEach(ArrayList.java:1511)
... Removed 32 stack frames]]>
    </failure>
  </testcase> <!-- category -->
  <testcase classname="com.TestNg.Nykaa" name="search" time="5.796"/>
</testsuite> <!-- chrome -->
