<?xml version="1.0" encoding="UTF-8"?>
<!-- Generated by org.testng.reporters.JUnitXMLReporter -->
<testsuite ignored="0" hostname="PriyankaPawar" failures="1" tests="3" name="firefox" time="27.508" errors="0" timestamp="2026-03-01T17:06:01 IST">
  <testcase classname="com.TestNg.Nykaa" name="bag" time="2.905"/>
  <testcase classname="com.TestNg.Nykaa" name="category" time="2.253">
    <failure type="java.lang.AssertionError" message="The following asserts failed:
	expected [Men&amp;apos;s Store] but found []">
      <![CDATA[java.lang.AssertionError: The following asserts failed:
expected [Men's Store] but found []
at com.TestNg.Nykaa.category(Nykaa.java:59)
at java.base/java.util.ArrayList.forEach(ArrayList.java:1511)
... Removed 29 stack frames]]>
    </failure>
  </testcase> <!-- category -->
  <testcase classname="com.TestNg.Nykaa" name="search" time="4.147"/>
</testsuite> <!-- firefox -->
