<?xml version="1.0" encoding="UTF-8"?>
<!-- Generated by org.testng.reporters.JUnitXMLReporter -->
<testsuite ignored="0" hostname="PriyankaPawar" failures="0" tests="3" name="Test" time="165.566" errors="0" timestamp="2026-03-15T16:03:46 IST">
  <testcase classname="com.TestNg.Ebay" name="searchAnProduct" time="11.66"/>
  <testcase classname="com.TestNg.Ebay" name="searchAnProduct" time="26.321"/>
  <testcase classname="com.TestNg.Ebay" name="searchAnProduct" time="10.269"/>
</testsuite> <!-- Test -->
