<?xml version="1.0" encoding="UTF-8"?>
<testng-results ignored="0" total="2" passed="1" failed="1" skipped="0">
  <reporter-output>
  </reporter-output>
  <suite started-at="2026-04-05T14:54:03 IST" name="Default suite" finished-at="2026-04-05T14:54:59 IST" duration-ms="56120">
    <groups>
      <group name="cucumber">
        <method signature="AbstractTestNGCucumberTests.runScenario(io.cucumber.testng.PickleWrapper,io.cucumber.testng.FeatureWrapper)[pri:0, instance:com.CucumberRunner.Runner@68267da0]" name="runScenario" class="io.cucumber.testng.AbstractTestNGCucumberTests"/>
      </group> <!-- cucumber -->
    </groups>
    <test started-at="2026-04-05T14:54:03 IST" name="Default test" finished-at="2026-04-05T14:54:59 IST" duration-ms="56120">
      <class name="com.CucumberRunner.Runner">
        <test-method is-config="true" signature="setUpClass(org.testng.ITestContext)[pri:0, instance:com.CucumberRunner.Runner@68267da0]" started-at="2026-04-05T14:54:03 IST" name="setUpClass" finished-at="2026-04-05T14:54:04 IST" duration-ms="807" status="PASS">
          <params>
            <param index="0">
              <value>
                <![CDATA[org.testng.TestRunner@5a82ebf8]]>
              </value>
            </param>
          </params>
          <reporter-output>
          </reporter-output>
        </test-method> <!-- setUpClass -->
        <test-method signature="runScenario(io.cucumber.testng.PickleWrapper,io.cucumber.testng.FeatureWrapper)[pri:0, instance:com.CucumberRunner.Runner@68267da0]" started-at="2026-04-05T14:54:04 IST" name="runScenario" description="Runs Cucumber Scenarios" data-provider="scenarios" finished-at="2026-04-05T14:54:44 IST" duration-ms="40840" status="FAIL">
          <params>
            <param index="0">
              <value>
                <![CDATA["Verify the functionality of search module in flipkart homepage"]]>
              </value>
            </param>
            <param index="1">
              <value>
                <![CDATA["search"]]>
              </value>
            </param>
          </params>
          <exception class="java.lang.AssertionError">
            <message>
              <![CDATA[expected [laptop- Buy Products Online at Best Price in India - All Categories | Flipkart.com] but found [Laptop- Buy Products Online at Best Price in India - All Categories | Flipkart.com]]]>
            </message>
            <full-stacktrace>
              <![CDATA[java.lang.AssertionError: expected [laptop- Buy Products Online at Best Price in India - All Categories | Flipkart.com] but found [Laptop- Buy Products Online at Best Price in India - All Categories | Flipkart.com]
at org.testng.Assert.fail(Assert.java:111)
at org.testng.Assert.failNotEquals(Assert.java:1590)
at org.testng.Assert.assertEqualsImpl(Assert.java:150)
at org.testng.Assert.assertEquals(Assert.java:132)
at org.testng.Assert.assertEquals(Assert.java:656)
at org.testng.Assert.assertEquals(Assert.java:666)
at com.StepDefination.Flipkart.validate_mobile_page_has_been_open_by_pagetitle_and_the_title_is(Flipkart.java:31)
at ✽.validate mobile page has been open by pagetitle and the title is "laptop- Buy Products Online at Best Price in India - All Categories | Flipkart.com"(file:///D:/Eclipse%20WorkSpace%20for%20QST/Company_log/FeaturesFilesFolder/Flipkart.feature:14)
]]>
            </full-stacktrace>
          </exception> <!-- java.lang.AssertionError -->
          <reporter-output>
          </reporter-output>
        </test-method> <!-- runScenario -->
        <test-method signature="runScenario(io.cucumber.testng.PickleWrapper,io.cucumber.testng.FeatureWrapper)[pri:0, instance:com.CucumberRunner.Runner@68267da0]" started-at="2026-04-05T14:54:44 IST" name="runScenario" description="Runs Cucumber Scenarios" data-provider="scenarios" finished-at="2026-04-05T14:54:59 IST" duration-ms="14382" status="PASS">
          <params>
            <param index="0">
              <value>
                <![CDATA["Verify the functionality of product"]]>
              </value>
            </param>
            <param index="1">
              <value>
                <![CDATA["search"]]>
              </value>
            </param>
          </params>
          <reporter-output>
          </reporter-output>
        </test-method> <!-- runScenario -->
        <test-method is-config="true" signature="tearDownClass()[pri:0, instance:com.CucumberRunner.Runner@68267da0]" started-at="2026-04-05T14:54:59 IST" name="tearDownClass" finished-at="2026-04-05T14:54:59 IST" duration-ms="23" status="PASS">
          <reporter-output>
          </reporter-output>
        </test-method> <!-- tearDownClass -->
      </class> <!-- com.CucumberRunner.Runner -->
    </test> <!-- Default test -->
  </suite> <!-- Default suite -->
</testng-results>
