<?xml version="1.0" encoding="UTF-8"?>
<!-- Generated by org.testng.reporters.JUnitReportReporter -->
<testsuite hostname="PriyankaPawar" failures="0" tests="3" name="com.TestNg.AnnotationDemo" time="0.016" errors="0" timestamp="2026-03-08T15:36:43 IST" skipped="0">
  <testcase classname="com.TestNg.AnnotationDemo" name="cond1" time="0.007"/>
  <testcase classname="com.TestNg.AnnotationDemo" name="cond2" time="0.005"/>
  <testcase classname="com.TestNg.AnnotationDemo" name="cond3" time="0.004"/>
</testsuite> <!-- com.TestNg.AnnotationDemo -->
